<?xml version="1.0" encoding="UTF-8"?>
<!-- Generated by org.testng.reporters.JUnitXMLReporter -->
<testsuite ignored="0" hostname="DESKTOP-5ID8EGO" failures="0" tests="3" name="Default test" time="0.063" errors="0" timestamp="2021-10-17T23:10:55 IST">
  <testcase classname="calculator.StringCalculatorShould" name="empty_string_should_return_0" time="0.006"/>
  <testcase classname="calculator.StringCalculatorShould" name="string_with_single_number_should_return_number_as_int" time="0.0"/>
  <testcase classname="calculator.StringCalculatorShould" name="twoNumbersCommaDelimitedReturnSum" time="0.0"/>
</testsuite> <!-- Default test -->
