<?xml version="1.0" encoding="UTF-8"?>
<testng-results ignored="0" total="1" passed="1" failed="0" skipped="0">
  <reporter-output>
  </reporter-output>
  <suite started-at="2021-10-17T22:49:55 IST" name="Default suite" finished-at="2021-10-17T22:49:55 IST" duration-ms="65">
    <groups>
    </groups>
    <test started-at="2021-10-17T22:49:55 IST" name="Default test" finished-at="2021-10-17T22:49:55 IST" duration-ms="65">
      <class name="calculator.StringCalculatorShould">
        <test-method is-config="true" signature="init()[pri:0, instance:calculator.StringCalculatorShould@50ad3bc1]" started-at="2021-10-17T22:49:55 IST" name="init" finished-at="2021-10-17T22:49:55 IST" duration-ms="6" status="PASS">
          <reporter-output>
          </reporter-output>
        </test-method> <!-- init -->
        <test-method signature="empty_string_should_return_0()[pri:0, instance:calculator.StringCalculatorShould@50ad3bc1]" started-at="2021-10-17T22:49:55 IST" name="empty_string_should_return_0" finished-at="2021-10-17T22:49:55 IST" duration-ms="13" status="PASS">
          <reporter-output>
          </reporter-output>
        </test-method> <!-- empty_string_should_return_0 -->
      </class> <!-- calculator.StringCalculatorShould -->
    </test> <!-- Default test -->
  </suite> <!-- Default suite -->
</testng-results>
